[03Jul2023 00:03:52.972] [Server thread/WARN] [net.minecraft.server.MinecraftServer/]: Can't keep up! Is the server overloaded? Running 2015ms or 40 ticks behind
[03Jul2023 00:08:24.565] [Server thread/INFO] [net.minecraft.server.MinecraftServer/]: Butifarra69 has made the advancement [Best Friends Forever]
[03Jul2023 00:10:07.677] [Server thread/INFO] [net.minecraft.server.MinecraftServer/]: luisfer153 was slain by Zombie
[03Jul2023 00:10:07.699] [Server thread/INFO] [tombstone/]: The player luisfer153 has successfully been saved
[03Jul2023 00:11:53.069] [Server thread/INFO] [net.minecraft.world.entity.npc.Villager/]: Villager Villager['Farmer'/25003, l='ServerLevel[world]', x=2754.65, y=69.00, z=381.30] died, message: 'Farmer was slain by Zombie'
[03Jul2023 00:13:27.818] [Server thread/INFO] [net.minecraft.world.entity.npc.Villager/]: Villager Villager['Weaponsmith'/24861, l='ServerLevel[world]', x=2758.77, y=67.94, z=382.44] died, message: 'Weaponsmith was slain by Zombie'
[03Jul2023 00:18:10.974] [Server thread/INFO] [net.minecraft.server.MinecraftServer/]: Butifarra69 has reached the goal [Bone Crusher]
[03Jul2023 00:22:32.628] [Server thread/INFO] [net.minecraft.server.MinecraftServer/]: Joverit has made the advancement [A Seedy Place]
[03Jul2023 00:27:02.038] [Server thread/INFO] [net.minecraft.server.players.PlayerList/]: xXLimpiarajasXx[/[0:0:0:0:0:0:0:1%0]:43412] logged in with entity id 34535 at (68.5306365723797, 44.0, 426.765030535227)
[03Jul2023 00:27:02.042] [Server thread/INFO] [net.minecraft.server.MinecraftServer/]: xXLimpiarajasXx joined the game
[03Jul2023 00:27:02.069] [Server thread/INFO] [Jade/]: Syncing config to xXLimpiarajasXx (12219a9a-cfb3-3cd0-95d1-f0801ba23078)
[03Jul2023 00:27:36.088] [Server thread/INFO] [net.minecraft.server.MinecraftServer/]: luisfer153 was doomed to fall
[03Jul2023 00:27:36.092] [Server thread/INFO] [tombstone/]: The player luisfer153 has successfully been saved
[03Jul2023 00:30:42.621] [Server thread/INFO] [net.minecraft.world.entity.npc.Villager/]: Villager Villager['Unemployed'/25107, l='ServerLevel[world]', x=2789.70, y=65.00, z=418.30] died, message: 'Unemployed was slain by Zombie'
[03Jul2023 00:31:41.088] [Server thread/INFO] [net.minecraft.server.players.PlayerList/]: Milo384[/[0:0:0:0:0:0:0:1%0]:59502] logged in with entity id 39653 at (335.6949699892334, 69.0, 500.67196674556277)
[03Jul2023 00:31:41.099] [Server thread/INFO] [net.minecraft.server.MinecraftServer/]: Milo384 joined the game
[03Jul2023 00:31:41.134] [Server thread/INFO] [Jade/]: Syncing config to Milo384 (bc3b4504-8bbf-3d83-920a-e6f3b959db33)
[03Jul2023 00:32:34.969] [Server thread/INFO] [net.minecraft.server.MinecraftServer/]: xXLimpiarajasXx was shot by Skeleton
[03Jul2023 00:32:34.978] [Server thread/INFO] [tombstone/]: The player xXLimpiarajasXx has successfully been saved
[03Jul2023 00:33:46.972] [Server thread/INFO] [net.minecraft.server.MinecraftServer/]: [Not Secure] <Milo384> 0 75 0
[03Jul2023 00:33:58.538] [Server thread/INFO] [net.minecraft.server.MinecraftServer/]: Teleported Milo384 to 0.500000, 75.000000, 0.500000
[03Jul2023 00:34:00.248] [Server thread/WARN] [net.minecraft.server.network.ServerGamePacketListenerImpl/]: Milo384 moved too quickly! 1.158613916605756,-10.806526110008988,1.4914023719986118
[03Jul2023 00:34:00.909] [Server thread/WARN] [net.minecraft.server.MinecraftServer/]: Can't keep up! Is the server overloaded? Running 2002ms or 40 ticks behind
[03Jul2023 00:34:22.608] [Server thread/INFO] [net.minecraft.server.MinecraftServer/]: Teleported Milo384 to luisfer153
[03Jul2023 00:40:13.440] [Server thread/INFO] [net.minecraft.server.MinecraftServer/]: luisfer153 fell from a high place
[03Jul2023 00:40:13.443] [Server thread/INFO] [tombstone/]: The player luisfer153 has successfully been saved
[03Jul2023 00:43:16.685] [Server thread/INFO] [net.minecraft.server.MinecraftServer/]: xXLimpiarajasXx has made the advancement [Stone Age]
[03Jul2023 00:44:24.854] [Server thread/INFO] [net.minecraft.server.MinecraftServer/]: xXLimpiarajasXx drowned
[03Jul2023 00:44:24.867] [Server thread/INFO] [tombstone/]: The player xXLimpiarajasXx has successfully been saved
[03Jul2023 00:46:01.991] [Server thread/INFO] [net.minecraft.server.MinecraftServer/]: luisfer153 fell from a high place
[03Jul2023 00:46:02.001] [Server thread/INFO] [tombstone/]: The player luisfer153 has successfully been saved
[03Jul2023 00:46:11.418] [Server thread/WARN] [net.minecraft.server.MinecraftServer/]: Can't keep up! Is the server overloaded? Running 2661ms or 53 ticks behind
[03Jul2023 00:46:16.947] [Server thread/INFO] [net.minecraft.server.MinecraftServer/]: xXLimpiarajasXx has reached the goal [Here They Come]
[03Jul2023 00:46:38.429] [Server thread/INFO] [net.minecraft.server.network.ServerGamePacketListenerImpl/]: luisfer153 lost connection: Timed out
[03Jul2023 00:46:38.429] [Server thread/INFO] [net.minecraft.server.MinecraftServer/]: luisfer153 left the game
[03Jul2023 00:46:38.481] [Server thread/WARN] [net.minecraft.network.Connection/]: handleDisconnection() called twice
[03Jul2023 00:46:52.550] [Server thread/INFO] [net.minecraft.server.players.PlayerList/]: luisfer153[/[0:0:0:0:0:0:0:1%0]:34506] logged in with entity id 56856 at (658.5, 66.0, 372.5)
[03Jul2023 00:46:52.554] [Server thread/INFO] [net.minecraft.server.MinecraftServer/]: luisfer153 joined the game
[03Jul2023 00:46:52.557] [Server thread/INFO] [Jade/]: Syncing config to luisfer153 (85a2ab14-8f3c-3d23-9bc3-af09496d753f)
[03Jul2023 00:46:54.947] [Server thread/WARN] [net.minecraft.server.MinecraftServer/]: Can't keep up! Is the server overloaded? Running 2340ms or 46 ticks behind
[03Jul2023 00:54:52.194] [Server thread/INFO] [net.minecraft.server.MinecraftServer/]: Joverit has reached the goal [The long arm of the law]
[03Jul2023 00:54:55.977] [Server thread/INFO] [net.minecraft.server.MinecraftServer/]: xXLimpiarajasXx has made the advancement [Monster Hunter]
[03Jul2023 00:55:13.435] [Server thread/INFO] [net.minecraft.server.MinecraftServer/]: xXLimpiarajasXx was slain by Zombie
[03Jul2023 00:55:13.453] [Server thread/INFO] [tombstone/]: The player xXLimpiarajasXx has successfully been saved
[03Jul2023 00:56:13.114] [Server thread/INFO] [net.minecraft.server.MinecraftServer/]: luisfer153 was shot by Skeleton
[03Jul2023 00:56:13.120] [Server thread/INFO] [tombstone/]: The player luisfer153 has successfully been saved
[03Jul2023 01:00:19.356] [Server thread/INFO] [net.minecraft.server.network.ServerGamePacketListenerImpl/]: Butifarra69 lost connection: Timed out
[03Jul2023 01:00:19.357] [Server thread/INFO] [net.minecraft.server.MinecraftServer/]: Butifarra69 left the game
[03Jul2023 01:00:39.995] [Server thread/WARN] [net.minecraft.server.level.ServerPlayerGameMode/]: Mismatch in destroy block pos: BlockPos{x=1007, y=63, z=1085} BlockPos{x=1005, y=63, z=1088}
[03Jul2023 01:00:41.297] [Server thread/WARN] [net.minecraft.server.level.ServerPlayerGameMode/]: Mismatch in destroy block pos: BlockPos{x=1006, y=62, z=1088} BlockPos{x=1005, y=62, z=1089}
[03Jul2023 01:05:39.289] [Server thread/WARN] [net.minecraft.server.MinecraftServer/]: Can't keep up! Is the server overloaded? Running 2032ms or 40 ticks behind
[03Jul2023 01:06:38.027] [Server thread/INFO] [net.minecraft.server.network.ServerGamePacketListenerImpl/]: luisfer153 lost connection: Disconnected
[03Jul2023 01:06:38.027] [Server thread/INFO] [net.minecraft.server.MinecraftServer/]: luisfer153 left the game
[03Jul2023 01:08:22.646] [Server thread/INFO] [net.minecraft.server.network.ServerGamePacketListenerImpl/]: Joverit lost connection: Disconnected
[03Jul2023 01:08:22.647] [Server thread/INFO] [net.minecraft.server.MinecraftServer/]: Joverit left the game
[03Jul2023 01:09:22.453] [Server thread/INFO] [net.minecraft.server.MinecraftServer/]: xXLimpiarajasXx has made the advancement [Sweet Dreams]
[03Jul2023 01:12:13.072] [Server thread/INFO] [net.minecraft.server.MinecraftServer/]: xXLimpiarajasXx was shot by Skeleton
[03Jul2023 01:12:13.075] [Server thread/INFO] [tombstone/]: The player xXLimpiarajasXx has successfully been saved
[03Jul2023 01:13:45.220] [Server thread/INFO] [net.minecraft.server.network.ServerGamePacketListenerImpl/]: Milo384 lost connection: Disconnected
[03Jul2023 01:13:45.220] [Server thread/INFO] [net.minecraft.server.MinecraftServer/]: Milo384 left the game
[03Jul2023 01:18:21.814] [Server thread/INFO] [net.minecraft.server.network.ServerGamePacketListenerImpl/]: xXLimpiarajasXx lost connection: Disconnected
[03Jul2023 01:18:21.815] [Server thread/INFO] [net.minecraft.server.MinecraftServer/]: xXLimpiarajasXx left the game
[03Jul2023 01:21:11.858] [Server thread/INFO] [net.minecraft.server.MinecraftServer/]: Stopping the server
[03Jul2023 01:21:11.908] [Server thread/INFO] [net.minecraft.server.MinecraftServer/]: Stopping server
[03Jul2023 01:21:11.909] [Server thread/INFO] [net.minecraft.server.MinecraftServer/]: Saving players
[03Jul2023 01:21:11.909] [Server thread/INFO] [net.minecraft.server.MinecraftServer/]: Saving worlds
[03Jul2023 01:21:13.072] [Server thread/INFO] [net.minecraft.server.MinecraftServer/]: Saving chunks for level 'ServerLevel[world]'/minecraft:overworld
[03Jul2023 01:21:16.798] [Server thread/INFO] [net.minecraft.server.MinecraftServer/]: Saving chunks for level 'ServerLevel[world]'/minecraft:the_nether
[03Jul2023 01:21:16.799] [Server thread/INFO] [net.minecraft.server.MinecraftServer/]: Saving chunks for level 'ServerLevel[world]'/minecraft:the_end
[03Jul2023 01:21:16.821] [Server thread/INFO] [net.minecraft.server.MinecraftServer/]: ThreadedAnvilChunkStorage (world): All chunks are saved
[03Jul2023 01:21:16.822] [Server thread/INFO] [net.minecraft.server.MinecraftServer/]: ThreadedAnvilChunkStorage (DIM-1): All chunks are saved
[03Jul2023 01:21:16.822] [Server thread/INFO] [net.minecraft.server.MinecraftServer/]: ThreadedAnvilChunkStorage (DIM1): All chunks are saved
[03Jul2023 01:21:16.822] [Server thread/INFO] [net.minecraft.server.MinecraftServer/]: ThreadedAnvilChunkStorage: All dimensions are saved
[03Jul2023 01:21:18.755] [Server thread/INFO] [journeymap/]: Loading JourneyMap Forge Configs
